Jun 02, 2020 12:52:57 PM com.redhat.quarkus.ls.QuarkusLanguageServer initialize
INFO: Initializing Quarkus server 0.0.4-20191120-1547 with /Applications/IntelliJ IDEA.app/Contents/jbr/Contents/Home
Jun 02, 2020 12:54:07 PM com.redhat.quarkus.services.QuarkusHover doHover
SEVERE: In QuarkusHover, position error
com.redhat.quarkus.ls.commons.BadLocationException: The character value, {33} of the line0}, is out of bounds.
	at com.redhat.quarkus.ls.commons.TreeLineTracker.getOffsetAt(TreeLineTracker.java:1214)
	at com.redhat.quarkus.ls.commons.TextDocument.offsetAt(TextDocument.java:76)
	at com.redhat.quarkus.model.Node.findNodeAt(Node.java:202)
	at com.redhat.quarkus.services.QuarkusHover.doHover(QuarkusHover.java:59)
	at com.redhat.quarkus.services.QuarkusLanguageService.doHover(QuarkusLanguageService.java:98)
	at com.redhat.quarkus.ls.QuarkusTextDocumentService.lambda$null$3(QuarkusTextDocumentService.java:164)
	at java.base/java.util.concurrent.CompletableFuture.biApply(CompletableFuture.java:1236)
	at java.base/java.util.concurrent.CompletableFuture$BiApply.tryFire(CompletableFuture.java:1205)
	at java.base/java.util.concurrent.CompletableFuture$Completion.exec(CompletableFuture.java:479)
	at java.base/java.util.concurrent.ForkJoinTask.doExec(ForkJoinTask.java:290)
	at java.base/java.util.concurrent.ForkJoinPool$WorkQueue.topLevelExec(ForkJoinPool.java:1020)
	at java.base/java.util.concurrent.ForkJoinPool.scan(ForkJoinPool.java:1656)
	at java.base/java.util.concurrent.ForkJoinPool.runWorker(ForkJoinPool.java:1594)
	at java.base/java.util.concurrent.ForkJoinWorkerThread.run(ForkJoinWorkerThread.java:177)

Jun 02, 2020 4:37:06 PM com.redhat.quarkus.services.QuarkusHover doHover
SEVERE: In QuarkusHover, position error
com.redhat.quarkus.ls.commons.BadLocationException: The character value, {32} of the line0}, is out of bounds.
	at com.redhat.quarkus.ls.commons.TreeLineTracker.getOffsetAt(TreeLineTracker.java:1214)
	at com.redhat.quarkus.ls.commons.TextDocument.offsetAt(TextDocument.java:76)
	at com.redhat.quarkus.model.Node.findNodeAt(Node.java:202)
	at com.redhat.quarkus.services.QuarkusHover.doHover(QuarkusHover.java:59)
	at com.redhat.quarkus.services.QuarkusLanguageService.doHover(QuarkusLanguageService.java:98)
	at com.redhat.quarkus.ls.QuarkusTextDocumentService.lambda$null$3(QuarkusTextDocumentService.java:164)
	at java.base/java.util.concurrent.CompletableFuture.biApply(CompletableFuture.java:1236)
	at java.base/java.util.concurrent.CompletableFuture$BiApply.tryFire(CompletableFuture.java:1205)
	at java.base/java.util.concurrent.CompletableFuture$Completion.exec(CompletableFuture.java:479)
	at java.base/java.util.concurrent.ForkJoinTask.doExec(ForkJoinTask.java:290)
	at java.base/java.util.concurrent.ForkJoinPool$WorkQueue.topLevelExec(ForkJoinPool.java:1020)
	at java.base/java.util.concurrent.ForkJoinPool.scan(ForkJoinPool.java:1656)
	at java.base/java.util.concurrent.ForkJoinPool.runWorker(ForkJoinPool.java:1594)
	at java.base/java.util.concurrent.ForkJoinWorkerThread.run(ForkJoinWorkerThread.java:177)

